2019-09-09 15:44:51,830 [Worker-12] INFO  o.e.m.c.i.p.ProjectConfigurationManager - Collecting project info '/pom.xml' C:\Users\Kusuma.Saddala\Documents\GiveIndia\com.giveindia\pom.xml
2019-09-09 15:44:55,186 [Worker-12] INFO  o.e.m.c.i.l.LifecycleMappingFactory - Using org.eclipse.m2e.jdt.JarLifecycleMapping lifecycle mapping for MavenProject: com.giveindia:com.giveindia:0.0.1-SNAPSHOT @ C:\Users\Kusuma.Saddala\Documents\GiveIndia\com.giveindia\pom.xml.
2019-09-09 15:44:57,529 [Worker-12] INFO  o.e.m.j.i.AbstractJavaProjectConfigurator - Adding source folder /com.giveindia/src/main/java
2019-09-09 15:44:57,552 [Worker-12] INFO  o.e.m.j.i.AbstractJavaProjectConfigurator - Adding source folder /com.giveindia/src/test/java
2019-09-09 15:44:58,951 [Worker-12] INFO  o.e.m.c.i.p.ProjectConfigurationManager - Imported and configured 1 project(s) in 7 sec
2019-09-09 15:44:59,698 [Worker-2] INFO  o.e.m.c.i.embedder.EclipseLogger - Using 'UTF-8' encoding to copy filtered resources.
2019-09-09 15:44:59,699 [Worker-2] INFO  o.e.m.c.i.embedder.EclipseLogger - skip non existing resourceDirectory C:\Users\Kusuma.Saddala\Documents\GiveIndia\com.giveindia\src\main\resources
2019-09-09 15:44:59,701 [Worker-2] INFO  o.e.m.c.i.embedder.EclipseLogger - Using 'UTF-8' encoding to copy filtered resources.
2019-09-09 15:44:59,702 [Worker-2] INFO  o.e.m.c.i.embedder.EclipseLogger - skip non existing resourceDirectory C:\Users\Kusuma.Saddala\Documents\GiveIndia\com.giveindia\src\test\resources
2019-09-09 15:45:58,725 [Worker-10] INFO  o.e.m.c.i.embedder.EclipseLogger - Using 'UTF-8' encoding to copy filtered resources.
2019-09-09 15:45:58,726 [Worker-10] INFO  o.e.m.c.i.embedder.EclipseLogger - skip non existing resourceDirectory C:\Users\Kusuma.Saddala\Documents\GiveIndia\com.giveindia\src\main\resources
2019-09-09 15:45:58,730 [Worker-10] INFO  o.e.m.c.i.embedder.EclipseLogger - Using 'UTF-8' encoding to copy filtered resources.
2019-09-09 15:45:58,730 [Worker-10] INFO  o.e.m.c.i.embedder.EclipseLogger - skip non existing resourceDirectory C:\Users\Kusuma.Saddala\Documents\GiveIndia\com.giveindia\src\test\resources
2019-09-09 15:46:34,977 [Worker-11] INFO  o.e.m.c.i.embedder.EclipseLogger - Using 'UTF-8' encoding to copy filtered resources.
2019-09-09 15:46:34,977 [Worker-11] INFO  o.e.m.c.i.embedder.EclipseLogger - skip non existing resourceDirectory C:\Users\Kusuma.Saddala\Documents\GiveIndia\com.giveindia\src\main\resources
2019-09-09 15:46:34,985 [Worker-11] INFO  o.e.m.c.i.embedder.EclipseLogger - Using 'UTF-8' encoding to copy filtered resources.
2019-09-09 15:46:34,987 [Worker-11] INFO  o.e.m.c.i.embedder.EclipseLogger - skip non existing resourceDirectory C:\Users\Kusuma.Saddala\Documents\GiveIndia\com.giveindia\src\test\resources
2019-09-09 15:47:09,981 [Worker-2] INFO  o.e.m.c.i.embedder.EclipseLogger - Using 'UTF-8' encoding to copy filtered resources.
2019-09-09 15:47:09,981 [Worker-2] INFO  o.e.m.c.i.embedder.EclipseLogger - skip non existing resourceDirectory C:\Users\Kusuma.Saddala\Documents\GiveIndia\com.giveindia\src\main\resources
2019-09-09 15:47:09,982 [Worker-2] INFO  o.e.m.c.i.embedder.EclipseLogger - Using 'UTF-8' encoding to copy filtered resources.
2019-09-09 15:47:09,983 [Worker-2] INFO  o.e.m.c.i.embedder.EclipseLogger - skip non existing resourceDirectory C:\Users\Kusuma.Saddala\Documents\GiveIndia\com.giveindia\src\test\resources
2019-09-09 15:47:11,023 [Worker-12] INFO  o.e.m.c.i.embedder.EclipseLogger - Using 'UTF-8' encoding to copy filtered resources.
2019-09-09 15:47:11,024 [Worker-12] INFO  o.e.m.c.i.embedder.EclipseLogger - skip non existing resourceDirectory C:\Users\Kusuma.Saddala\Documents\GiveIndia\com.giveindia\src\main\resources
2019-09-09 15:47:11,025 [Worker-12] INFO  o.e.m.c.i.embedder.EclipseLogger - Using 'UTF-8' encoding to copy filtered resources.
2019-09-09 15:47:11,026 [Worker-12] INFO  o.e.m.c.i.embedder.EclipseLogger - skip non existing resourceDirectory C:\Users\Kusuma.Saddala\Documents\GiveIndia\com.giveindia\src\test\resources
2019-09-09 15:52:29,616 [Worker-6] INFO  o.e.m.c.i.embedder.EclipseLogger - Using 'UTF-8' encoding to copy filtered resources.
2019-09-09 15:52:29,616 [Worker-6] INFO  o.e.m.c.i.embedder.EclipseLogger - skip non existing resourceDirectory C:\Users\Kusuma.Saddala\Documents\GiveIndia\com.giveindia\src\main\resources
2019-09-09 15:52:29,617 [Worker-6] INFO  o.e.m.c.i.embedder.EclipseLogger - Using 'UTF-8' encoding to copy filtered resources.
2019-09-09 15:52:29,618 [Worker-6] INFO  o.e.m.c.i.embedder.EclipseLogger - skip non existing resourceDirectory C:\Users\Kusuma.Saddala\Documents\GiveIndia\com.giveindia\src\test\resources
2019-09-09 15:54:11,397 [Worker-19] INFO  o.e.m.c.i.embedder.EclipseLogger - Using 'UTF-8' encoding to copy filtered resources.
2019-09-09 15:54:11,398 [Worker-19] INFO  o.e.m.c.i.embedder.EclipseLogger - skip non existing resourceDirectory C:\Users\Kusuma.Saddala\Documents\GiveIndia\com.giveindia\src\main\resources
2019-09-09 15:54:11,399 [Worker-19] INFO  o.e.m.c.i.embedder.EclipseLogger - Using 'UTF-8' encoding to copy filtered resources.
2019-09-09 15:54:11,400 [Worker-19] INFO  o.e.m.c.i.embedder.EclipseLogger - skip non existing resourceDirectory C:\Users\Kusuma.Saddala\Documents\GiveIndia\com.giveindia\src\test\resources
2019-09-09 15:54:19,505 [Worker-24] INFO  o.e.m.c.i.embedder.EclipseLogger - Using 'UTF-8' encoding to copy filtered resources.
2019-09-09 15:54:19,506 [Worker-24] INFO  o.e.m.c.i.embedder.EclipseLogger - skip non existing resourceDirectory C:\Users\Kusuma.Saddala\Documents\GiveIndia\com.giveindia\src\main\resources
2019-09-09 15:54:19,510 [Worker-24] INFO  o.e.m.c.i.embedder.EclipseLogger - Using 'UTF-8' encoding to copy filtered resources.
2019-09-09 15:54:19,511 [Worker-24] INFO  o.e.m.c.i.embedder.EclipseLogger - skip non existing resourceDirectory C:\Users\Kusuma.Saddala\Documents\GiveIndia\com.giveindia\src\test\resources
2019-09-09 15:54:37,600 [Worker-23] INFO  o.e.m.c.i.embedder.EclipseLogger - Using 'UTF-8' encoding to copy filtered resources.
2019-09-09 15:54:37,601 [Worker-23] INFO  o.e.m.c.i.embedder.EclipseLogger - skip non existing resourceDirectory C:\Users\Kusuma.Saddala\Documents\GiveIndia\com.giveindia\src\main\resources
2019-09-09 15:54:37,602 [Worker-23] INFO  o.e.m.c.i.embedder.EclipseLogger - Using 'UTF-8' encoding to copy filtered resources.
2019-09-09 15:54:37,603 [Worker-23] INFO  o.e.m.c.i.embedder.EclipseLogger - skip non existing resourceDirectory C:\Users\Kusuma.Saddala\Documents\GiveIndia\com.giveindia\src\test\resources
2019-09-09 15:55:22,173 [Worker-19] INFO  o.e.m.c.i.embedder.EclipseLogger - Using 'UTF-8' encoding to copy filtered resources.
2019-09-09 15:55:22,173 [Worker-19] INFO  o.e.m.c.i.embedder.EclipseLogger - skip non existing resourceDirectory C:\Users\Kusuma.Saddala\Documents\GiveIndia\com.giveindia\src\main\resources
2019-09-09 15:55:22,175 [Worker-19] INFO  o.e.m.c.i.embedder.EclipseLogger - Using 'UTF-8' encoding to copy filtered resources.
2019-09-09 15:55:22,175 [Worker-19] INFO  o.e.m.c.i.embedder.EclipseLogger - skip non existing resourceDirectory C:\Users\Kusuma.Saddala\Documents\GiveIndia\com.giveindia\src\test\resources
2019-09-09 16:14:03,259 [Worker-28] INFO  o.e.m.c.i.l.LifecycleMappingFactory - Using org.eclipse.m2e.jdt.JarLifecycleMapping lifecycle mapping for MavenProject: com.giveindia:com.giveindia:0.0.1-SNAPSHOT @ C:\Users\Kusuma.Saddala\Documents\GiveIndia\com.giveindia\pom.xml.
2019-09-09 16:14:06,389 [Worker-28] INFO  o.e.m.c.i.e.AbstractTransferListenerAdapter - Downloading https://artifactory-uw2.adobeitc.com/artifactory/libs-releases/org/seleniumhq/selenium/selenium-java/3.141.59/selenium-java-3.141.59.pom
2019-09-09 16:14:06,683 [Worker-28] INFO  o.e.m.c.i.e.AbstractTransferListenerAdapter - Downloaded https://artifactory-uw2.adobeitc.com/artifactory/libs-releases/org/seleniumhq/selenium/selenium-java/3.141.59/selenium-java-3.141.59.pom
2019-09-09 16:14:07,042 [Worker-28] INFO  o.e.m.c.i.e.AbstractTransferListenerAdapter - Downloading https://artifactory-uw2.adobeitc.com/artifactory/libs-releases/org/seleniumhq/selenium/selenium-chrome-driver/3.141.59/selenium-chrome-driver-3.141.59.pom
2019-09-09 16:14:07,327 [Worker-28] INFO  o.e.m.c.i.e.AbstractTransferListenerAdapter - Downloaded https://artifactory-uw2.adobeitc.com/artifactory/libs-releases/org/seleniumhq/selenium/selenium-chrome-driver/3.141.59/selenium-chrome-driver-3.141.59.pom
2019-09-09 16:14:08,089 [Worker-28] INFO  o.e.m.c.i.e.AbstractTransferListenerAdapter - Downloading https://artifactory-uw2.adobeitc.com/artifactory/libs-releases/org/seleniumhq/selenium/selenium-edge-driver/3.141.59/selenium-edge-driver-3.141.59.pom
2019-09-09 16:14:08,400 [Worker-28] INFO  o.e.m.c.i.e.AbstractTransferListenerAdapter - Downloaded https://artifactory-uw2.adobeitc.com/artifactory/libs-releases/org/seleniumhq/selenium/selenium-edge-driver/3.141.59/selenium-edge-driver-3.141.59.pom
2019-09-09 16:14:08,707 [Worker-28] INFO  o.e.m.c.i.e.AbstractTransferListenerAdapter - Downloading https://artifactory-uw2.adobeitc.com/artifactory/libs-releases/org/seleniumhq/selenium/selenium-firefox-driver/3.141.59/selenium-firefox-driver-3.141.59.pom
2019-09-09 16:14:08,993 [Worker-28] INFO  o.e.m.c.i.e.AbstractTransferListenerAdapter - Downloaded https://artifactory-uw2.adobeitc.com/artifactory/libs-releases/org/seleniumhq/selenium/selenium-firefox-driver/3.141.59/selenium-firefox-driver-3.141.59.pom
2019-09-09 16:14:09,327 [Worker-28] INFO  o.e.m.c.i.e.AbstractTransferListenerAdapter - Downloading https://artifactory-uw2.adobeitc.com/artifactory/libs-releases/org/seleniumhq/selenium/selenium-ie-driver/3.141.59/selenium-ie-driver-3.141.59.pom
2019-09-09 16:14:09,612 [Worker-28] INFO  o.e.m.c.i.e.AbstractTransferListenerAdapter - Downloaded https://artifactory-uw2.adobeitc.com/artifactory/libs-releases/org/seleniumhq/selenium/selenium-ie-driver/3.141.59/selenium-ie-driver-3.141.59.pom
2019-09-09 16:14:09,936 [Worker-28] INFO  o.e.m.c.i.e.AbstractTransferListenerAdapter - Downloading https://artifactory-uw2.adobeitc.com/artifactory/libs-releases/org/seleniumhq/selenium/selenium-opera-driver/3.141.59/selenium-opera-driver-3.141.59.pom
2019-09-09 16:14:10,226 [Worker-28] INFO  o.e.m.c.i.e.AbstractTransferListenerAdapter - Downloaded https://artifactory-uw2.adobeitc.com/artifactory/libs-releases/org/seleniumhq/selenium/selenium-opera-driver/3.141.59/selenium-opera-driver-3.141.59.pom
2019-09-09 16:14:10,609 [Worker-28] INFO  o.e.m.c.i.e.AbstractTransferListenerAdapter - Downloading https://artifactory-uw2.adobeitc.com/artifactory/libs-releases/org/seleniumhq/selenium/selenium-safari-driver/3.141.59/selenium-safari-driver-3.141.59.pom
2019-09-09 16:14:10,943 [Worker-28] INFO  o.e.m.c.i.e.AbstractTransferListenerAdapter - Downloaded https://artifactory-uw2.adobeitc.com/artifactory/libs-releases/org/seleniumhq/selenium/selenium-safari-driver/3.141.59/selenium-safari-driver-3.141.59.pom
2019-09-09 16:14:11,357 [Worker-28] INFO  o.e.m.c.i.e.AbstractTransferListenerAdapter - Downloading https://artifactory-uw2.adobeitc.com/artifactory/libs-releases/org/seleniumhq/selenium/selenium-java/3.141.59/selenium-java-3.141.59.jar
2019-09-09 16:14:11,629 [Worker-28] INFO  o.e.m.c.i.e.AbstractTransferListenerAdapter - Downloaded https://artifactory-uw2.adobeitc.com/artifactory/libs-releases/org/seleniumhq/selenium/selenium-java/3.141.59/selenium-java-3.141.59.jar
2019-09-09 16:14:12,223 [Worker-28] INFO  o.e.m.c.i.e.AbstractTransferListenerAdapter - Downloading https://artifactory-uw2.adobeitc.com/artifactory/libs-releases/org/seleniumhq/selenium/selenium-api/3.141.59/selenium-api-3.141.59.jar
2019-09-09 16:14:14,796 [Worker-28] INFO  o.e.m.c.i.e.AbstractTransferListenerAdapter - Downloaded https://artifactory-uw2.adobeitc.com/artifactory/libs-releases/org/seleniumhq/selenium/selenium-api/3.141.59/selenium-api-3.141.59.jar
2019-09-09 16:14:15,102 [Worker-28] INFO  o.e.m.c.i.e.AbstractTransferListenerAdapter - Downloading https://artifactory-uw2.adobeitc.com/artifactory/libs-releases/org/seleniumhq/selenium/selenium-chrome-driver/3.141.59/selenium-chrome-driver-3.141.59.jar
2019-09-09 16:14:15,372 [Worker-28] INFO  o.e.m.c.i.e.AbstractTransferListenerAdapter - Downloaded https://artifactory-uw2.adobeitc.com/artifactory/libs-releases/org/seleniumhq/selenium/selenium-chrome-driver/3.141.59/selenium-chrome-driver-3.141.59.jar
2019-09-09 16:14:15,666 [Worker-28] INFO  o.e.m.c.i.e.AbstractTransferListenerAdapter - Downloading https://artifactory-uw2.adobeitc.com/artifactory/libs-releases/org/seleniumhq/selenium/selenium-edge-driver/3.141.59/selenium-edge-driver-3.141.59.jar
2019-09-09 16:14:15,938 [Worker-28] INFO  o.e.m.c.i.e.AbstractTransferListenerAdapter - Downloaded https://artifactory-uw2.adobeitc.com/artifactory/libs-releases/org/seleniumhq/selenium/selenium-edge-driver/3.141.59/selenium-edge-driver-3.141.59.jar
2019-09-09 16:14:16,319 [Worker-28] INFO  o.e.m.c.i.e.AbstractTransferListenerAdapter - Downloading https://artifactory-uw2.adobeitc.com/artifactory/libs-releases/org/seleniumhq/selenium/selenium-firefox-driver/3.141.59/selenium-firefox-driver-3.141.59.jar
2019-09-09 16:14:24,180 [Worker-28] INFO  o.e.m.c.i.e.AbstractTransferListenerAdapter - Downloaded https://artifactory-uw2.adobeitc.com/artifactory/libs-releases/org/seleniumhq/selenium/selenium-firefox-driver/3.141.59/selenium-firefox-driver-3.141.59.jar
2019-09-09 16:14:24,475 [Worker-28] INFO  o.e.m.c.i.e.AbstractTransferListenerAdapter - Downloading https://artifactory-uw2.adobeitc.com/artifactory/libs-releases/org/seleniumhq/selenium/selenium-ie-driver/3.141.59/selenium-ie-driver-3.141.59.jar
2019-09-09 16:14:24,753 [Worker-28] INFO  o.e.m.c.i.e.AbstractTransferListenerAdapter - Downloaded https://artifactory-uw2.adobeitc.com/artifactory/libs-releases/org/seleniumhq/selenium/selenium-ie-driver/3.141.59/selenium-ie-driver-3.141.59.jar
2019-09-09 16:14:25,051 [Worker-28] INFO  o.e.m.c.i.e.AbstractTransferListenerAdapter - Downloading https://artifactory-uw2.adobeitc.com/artifactory/libs-releases/org/seleniumhq/selenium/selenium-opera-driver/3.141.59/selenium-opera-driver-3.141.59.jar
2019-09-09 16:14:25,325 [Worker-28] INFO  o.e.m.c.i.e.AbstractTransferListenerAdapter - Downloaded https://artifactory-uw2.adobeitc.com/artifactory/libs-releases/org/seleniumhq/selenium/selenium-opera-driver/3.141.59/selenium-opera-driver-3.141.59.jar
2019-09-09 16:14:25,689 [Worker-28] INFO  o.e.m.c.i.e.AbstractTransferListenerAdapter - Downloading https://artifactory-uw2.adobeitc.com/artifactory/libs-releases/org/seleniumhq/selenium/selenium-remote-driver/3.141.59/selenium-remote-driver-3.141.59.jar
2019-09-09 16:14:28,545 [Worker-28] INFO  o.e.m.c.i.e.AbstractTransferListenerAdapter - Downloaded https://artifactory-uw2.adobeitc.com/artifactory/libs-releases/org/seleniumhq/selenium/selenium-remote-driver/3.141.59/selenium-remote-driver-3.141.59.jar
2019-09-09 16:14:28,869 [Worker-28] INFO  o.e.m.c.i.e.AbstractTransferListenerAdapter - Downloading https://artifactory-uw2.adobeitc.com/artifactory/libs-releases/org/seleniumhq/selenium/selenium-safari-driver/3.141.59/selenium-safari-driver-3.141.59.jar
2019-09-09 16:14:29,149 [Worker-28] INFO  o.e.m.c.i.e.AbstractTransferListenerAdapter - Downloaded https://artifactory-uw2.adobeitc.com/artifactory/libs-releases/org/seleniumhq/selenium/selenium-safari-driver/3.141.59/selenium-safari-driver-3.141.59.jar
2019-09-09 16:14:29,489 [Worker-28] INFO  o.e.m.c.i.e.AbstractTransferListenerAdapter - Downloading https://artifactory-uw2.adobeitc.com/artifactory/libs-releases/org/seleniumhq/selenium/selenium-support/3.141.59/selenium-support-3.141.59.jar
2019-09-09 16:14:30,783 [Worker-28] INFO  o.e.m.c.i.e.AbstractTransferListenerAdapter - Downloaded https://artifactory-uw2.adobeitc.com/artifactory/libs-releases/org/seleniumhq/selenium/selenium-support/3.141.59/selenium-support-3.141.59.jar
2019-09-09 16:14:33,004 [Worker-28] INFO  o.e.m.c.i.e.AbstractTransferListenerAdapter - Downloading https://artifactory-uw2.adobeitc.com/artifactory/libs-releases/com/squareup/okhttp3/okhttp/3.11.0/okhttp-3.11.0.jar
2019-09-09 16:14:35,117 [Worker-28] INFO  o.e.m.c.i.e.AbstractTransferListenerAdapter - Downloaded https://artifactory-uw2.adobeitc.com/artifactory/libs-releases/com/squareup/okhttp3/okhttp/3.11.0/okhttp-3.11.0.jar
2019-09-09 16:14:35,469 [Worker-28] INFO  o.e.m.c.i.e.AbstractTransferListenerAdapter - Downloading https://artifactory-uw2.adobeitc.com/artifactory/libs-releases/com/squareup/okio/okio/1.14.0/okio-1.14.0.jar
2019-09-09 16:14:35,996 [Worker-28] INFO  o.e.m.c.i.e.AbstractTransferListenerAdapter - Downloaded https://artifactory-uw2.adobeitc.com/artifactory/libs-releases/com/squareup/okio/okio/1.14.0/okio-1.14.0.jar
2019-09-09 16:14:39,443 [Worker-28] INFO  o.e.m.c.i.embedder.EclipseLogger - Using 'UTF-8' encoding to copy filtered resources.
2019-09-09 16:14:39,444 [Worker-28] INFO  o.e.m.c.i.embedder.EclipseLogger - skip non existing resourceDirectory C:\Users\Kusuma.Saddala\Documents\GiveIndia\com.giveindia\src\main\resources
2019-09-09 16:14:39,446 [Worker-28] INFO  o.e.m.c.i.embedder.EclipseLogger - Using 'UTF-8' encoding to copy filtered resources.
2019-09-09 16:14:39,446 [Worker-28] INFO  o.e.m.c.i.embedder.EclipseLogger - skip non existing resourceDirectory C:\Users\Kusuma.Saddala\Documents\GiveIndia\com.giveindia\src\test\resources
2019-09-09 16:14:43,652 [Worker-30] INFO  o.e.m.c.i.l.LifecycleMappingFactory - Using org.eclipse.m2e.jdt.JarLifecycleMapping lifecycle mapping for MavenProject: com.giveindia:com.giveindia:0.0.1-SNAPSHOT @ C:\Users\Kusuma.Saddala\Documents\GiveIndia\com.giveindia\pom.xml.
2019-09-09 16:14:46,097 [Worker-30] INFO  o.e.m.c.i.embedder.EclipseLogger - Using 'UTF-8' encoding to copy filtered resources.
2019-09-09 16:14:46,098 [Worker-30] INFO  o.e.m.c.i.embedder.EclipseLogger - skip non existing resourceDirectory C:\Users\Kusuma.Saddala\Documents\GiveIndia\com.giveindia\src\main\resources
2019-09-09 16:14:46,100 [Worker-30] INFO  o.e.m.c.i.embedder.EclipseLogger - Using 'UTF-8' encoding to copy filtered resources.
2019-09-09 16:14:46,100 [Worker-30] INFO  o.e.m.c.i.embedder.EclipseLogger - skip non existing resourceDirectory C:\Users\Kusuma.Saddala\Documents\GiveIndia\com.giveindia\src\test\resources
2019-09-09 16:15:07,033 [Worker-28] INFO  o.e.m.c.i.l.LifecycleMappingFactory - Using org.eclipse.m2e.jdt.JarLifecycleMapping lifecycle mapping for MavenProject: com.giveindia:com.giveindia:0.0.1-SNAPSHOT @ C:\Users\Kusuma.Saddala\Documents\GiveIndia\com.giveindia\pom.xml.
2019-09-09 16:15:07,253 [Worker-27] INFO  o.e.m.c.i.e.AbstractTransferListenerAdapter - Downloading https://artifactory-uw2.adobeitc.com/artifactory/libs-releases/org/testng/testng/6.14.3/testng-6.14.3.pom
2019-09-09 16:15:07,528 [Worker-27] INFO  o.e.m.c.i.e.AbstractTransferListenerAdapter - Downloaded https://artifactory-uw2.adobeitc.com/artifactory/libs-releases/org/testng/testng/6.14.3/testng-6.14.3.pom
2019-09-09 16:15:07,904 [Worker-27] INFO  o.e.m.c.i.e.AbstractTransferListenerAdapter - Downloading https://artifactory-uw2.adobeitc.com/artifactory/libs-releases/com/beust/jcommander/1.72/jcommander-1.72.pom
2019-09-09 16:15:08,169 [Worker-27] INFO  o.e.m.c.i.e.AbstractTransferListenerAdapter - Downloaded https://artifactory-uw2.adobeitc.com/artifactory/libs-releases/com/beust/jcommander/1.72/jcommander-1.72.pom
2019-09-09 16:15:08,521 [Worker-27] INFO  o.e.m.c.i.e.AbstractTransferListenerAdapter - Downloading https://artifactory-uw2.adobeitc.com/artifactory/libs-releases/org/apache-extras/beanshell/bsh/2.0b6/bsh-2.0b6.pom
2019-09-09 16:15:08,792 [Worker-27] INFO  o.e.m.c.i.e.AbstractTransferListenerAdapter - Downloaded https://artifactory-uw2.adobeitc.com/artifactory/libs-releases/org/apache-extras/beanshell/bsh/2.0b6/bsh-2.0b6.pom
2019-09-09 16:15:09,467 [Worker-27] INFO  o.e.m.c.i.e.AbstractTransferListenerAdapter - Downloading https://artifactory-uw2.adobeitc.com/artifactory/libs-releases/org/testng/testng/6.14.3/testng-6.14.3.jar
2019-09-09 16:15:12,549 [Worker-27] INFO  o.e.m.c.i.e.AbstractTransferListenerAdapter - Downloaded https://artifactory-uw2.adobeitc.com/artifactory/libs-releases/org/testng/testng/6.14.3/testng-6.14.3.jar
2019-09-09 16:15:12,848 [Worker-27] INFO  o.e.m.c.i.e.AbstractTransferListenerAdapter - Downloading https://artifactory-uw2.adobeitc.com/artifactory/libs-releases/com/beust/jcommander/1.72/jcommander-1.72.jar
2019-09-09 16:15:13,124 [Worker-27] INFO  o.e.m.c.i.e.AbstractTransferListenerAdapter - Downloaded https://artifactory-uw2.adobeitc.com/artifactory/libs-releases/com/beust/jcommander/1.72/jcommander-1.72.jar
2019-09-09 16:15:13,387 [Worker-27] INFO  o.e.m.c.i.e.AbstractTransferListenerAdapter - Downloading https://artifactory-uw2.adobeitc.com/artifactory/libs-releases/org/apache-extras/beanshell/bsh/2.0b6/bsh-2.0b6.jar
2019-09-09 16:15:14,438 [Worker-27] INFO  o.e.m.c.i.e.AbstractTransferListenerAdapter - Downloaded https://artifactory-uw2.adobeitc.com/artifactory/libs-releases/org/apache-extras/beanshell/bsh/2.0b6/bsh-2.0b6.jar
2019-09-09 16:15:15,843 [Worker-28] INFO  o.e.m.c.i.embedder.EclipseLogger - Using 'UTF-8' encoding to copy filtered resources.
2019-09-09 16:15:15,843 [Worker-28] INFO  o.e.m.c.i.embedder.EclipseLogger - skip non existing resourceDirectory C:\Users\Kusuma.Saddala\Documents\GiveIndia\com.giveindia\src\main\resources
2019-09-09 16:15:15,847 [Worker-28] INFO  o.e.m.c.i.embedder.EclipseLogger - Using 'UTF-8' encoding to copy filtered resources.
2019-09-09 16:15:15,847 [Worker-28] INFO  o.e.m.c.i.embedder.EclipseLogger - skip non existing resourceDirectory C:\Users\Kusuma.Saddala\Documents\GiveIndia\com.giveindia\src\test\resources
2019-09-09 16:15:18,874 [Worker-18] INFO  o.e.m.c.i.embedder.EclipseLogger - Using 'UTF-8' encoding to copy filtered resources.
2019-09-09 16:15:18,874 [Worker-18] INFO  o.e.m.c.i.embedder.EclipseLogger - skip non existing resourceDirectory C:\Users\Kusuma.Saddala\Documents\GiveIndia\com.giveindia\src\main\resources
2019-09-09 16:15:18,876 [Worker-18] INFO  o.e.m.c.i.embedder.EclipseLogger - Using 'UTF-8' encoding to copy filtered resources.
2019-09-09 16:15:18,877 [Worker-18] INFO  o.e.m.c.i.embedder.EclipseLogger - skip non existing resourceDirectory C:\Users\Kusuma.Saddala\Documents\GiveIndia\com.giveindia\src\test\resources
2019-09-09 16:16:32,665 [Worker-28] INFO  o.e.m.c.i.embedder.EclipseLogger - Using 'UTF-8' encoding to copy filtered resources.
2019-09-09 16:16:32,665 [Worker-28] INFO  o.e.m.c.i.embedder.EclipseLogger - skip non existing resourceDirectory C:\Users\Kusuma.Saddala\Documents\GiveIndia\com.giveindia\src\main\resources
2019-09-09 16:16:32,666 [Worker-28] INFO  o.e.m.c.i.embedder.EclipseLogger - Using 'UTF-8' encoding to copy filtered resources.
2019-09-09 16:16:32,667 [Worker-28] INFO  o.e.m.c.i.embedder.EclipseLogger - skip non existing resourceDirectory C:\Users\Kusuma.Saddala\Documents\GiveIndia\com.giveindia\src\test\resources
2019-09-09 16:17:22,881 [Worker-27] INFO  o.e.m.c.i.embedder.EclipseLogger - Using 'UTF-8' encoding to copy filtered resources.
2019-09-09 16:17:22,882 [Worker-27] INFO  o.e.m.c.i.embedder.EclipseLogger - skip non existing resourceDirectory C:\Users\Kusuma.Saddala\Documents\GiveIndia\com.giveindia\src\main\resources
2019-09-09 16:17:22,883 [Worker-27] INFO  o.e.m.c.i.embedder.EclipseLogger - Using 'UTF-8' encoding to copy filtered resources.
2019-09-09 16:17:22,884 [Worker-27] INFO  o.e.m.c.i.embedder.EclipseLogger - skip non existing resourceDirectory C:\Users\Kusuma.Saddala\Documents\GiveIndia\com.giveindia\src\test\resources
2019-09-09 16:18:01,792 [Worker-18] INFO  o.e.m.c.i.embedder.EclipseLogger - Using 'UTF-8' encoding to copy filtered resources.
2019-09-09 16:18:01,792 [Worker-18] INFO  o.e.m.c.i.embedder.EclipseLogger - skip non existing resourceDirectory C:\Users\Kusuma.Saddala\Documents\GiveIndia\com.giveindia\src\main\resources
2019-09-09 16:18:01,794 [Worker-18] INFO  o.e.m.c.i.embedder.EclipseLogger - Using 'UTF-8' encoding to copy filtered resources.
2019-09-09 16:18:01,794 [Worker-18] INFO  o.e.m.c.i.embedder.EclipseLogger - skip non existing resourceDirectory C:\Users\Kusuma.Saddala\Documents\GiveIndia\com.giveindia\src\test\resources
2019-09-09 16:18:21,443 [Worker-30] INFO  o.e.m.c.i.embedder.EclipseLogger - Using 'UTF-8' encoding to copy filtered resources.
2019-09-09 16:18:21,444 [Worker-30] INFO  o.e.m.c.i.embedder.EclipseLogger - skip non existing resourceDirectory C:\Users\Kusuma.Saddala\Documents\GiveIndia\com.giveindia\src\main\resources
2019-09-09 16:18:21,445 [Worker-30] INFO  o.e.m.c.i.embedder.EclipseLogger - Using 'UTF-8' encoding to copy filtered resources.
2019-09-09 16:18:21,446 [Worker-30] INFO  o.e.m.c.i.embedder.EclipseLogger - skip non existing resourceDirectory C:\Users\Kusuma.Saddala\Documents\GiveIndia\com.giveindia\src\test\resources
2019-09-09 16:20:30,840 [Worker-18] INFO  o.e.m.c.i.embedder.EclipseLogger - Using 'UTF-8' encoding to copy filtered resources.
2019-09-09 16:20:30,842 [Worker-18] INFO  o.e.m.c.i.embedder.EclipseLogger - skip non existing resourceDirectory C:\Users\Kusuma.Saddala\Documents\GiveIndia\com.giveindia\src\main\resources
2019-09-09 16:20:30,843 [Worker-18] INFO  o.e.m.c.i.embedder.EclipseLogger - Using 'UTF-8' encoding to copy filtered resources.
2019-09-09 16:20:30,843 [Worker-18] INFO  o.e.m.c.i.embedder.EclipseLogger - skip non existing resourceDirectory C:\Users\Kusuma.Saddala\Documents\GiveIndia\com.giveindia\src\test\resources
2019-09-09 16:21:09,755 [Worker-18] INFO  o.e.m.c.i.embedder.EclipseLogger - Using 'UTF-8' encoding to copy filtered resources.
2019-09-09 16:21:09,755 [Worker-18] INFO  o.e.m.c.i.embedder.EclipseLogger - skip non existing resourceDirectory C:\Users\Kusuma.Saddala\Documents\GiveIndia\com.giveindia\src\main\resources
2019-09-09 16:21:09,757 [Worker-18] INFO  o.e.m.c.i.embedder.EclipseLogger - Using 'UTF-8' encoding to copy filtered resources.
2019-09-09 16:21:09,758 [Worker-18] INFO  o.e.m.c.i.embedder.EclipseLogger - skip non existing resourceDirectory C:\Users\Kusuma.Saddala\Documents\GiveIndia\com.giveindia\src\test\resources
2019-09-09 16:22:49,417 [Worker-18] INFO  o.e.m.c.i.embedder.EclipseLogger - Using 'UTF-8' encoding to copy filtered resources.
2019-09-09 16:22:49,418 [Worker-18] INFO  o.e.m.c.i.embedder.EclipseLogger - skip non existing resourceDirectory C:\Users\Kusuma.Saddala\Documents\GiveIndia\com.giveindia\src\main\resources
2019-09-09 16:22:49,419 [Worker-18] INFO  o.e.m.c.i.embedder.EclipseLogger - Using 'UTF-8' encoding to copy filtered resources.
2019-09-09 16:22:49,420 [Worker-18] INFO  o.e.m.c.i.embedder.EclipseLogger - skip non existing resourceDirectory C:\Users\Kusuma.Saddala\Documents\GiveIndia\com.giveindia\src\test\resources
2019-09-09 16:23:20,842 [Worker-18] INFO  o.e.m.c.i.embedder.EclipseLogger - Using 'UTF-8' encoding to copy filtered resources.
2019-09-09 16:23:20,843 [Worker-18] INFO  o.e.m.c.i.embedder.EclipseLogger - skip non existing resourceDirectory C:\Users\Kusuma.Saddala\Documents\GiveIndia\com.giveindia\src\main\resources
2019-09-09 16:23:20,845 [Worker-18] INFO  o.e.m.c.i.embedder.EclipseLogger - Using 'UTF-8' encoding to copy filtered resources.
2019-09-09 16:23:20,845 [Worker-18] INFO  o.e.m.c.i.embedder.EclipseLogger - skip non existing resourceDirectory C:\Users\Kusuma.Saddala\Documents\GiveIndia\com.giveindia\src\test\resources
2019-09-09 16:23:28,340 [Worker-18] INFO  o.e.m.c.i.embedder.EclipseLogger - Using 'UTF-8' encoding to copy filtered resources.
2019-09-09 16:23:28,340 [Worker-18] INFO  o.e.m.c.i.embedder.EclipseLogger - skip non existing resourceDirectory C:\Users\Kusuma.Saddala\Documents\GiveIndia\com.giveindia\src\main\resources
2019-09-09 16:23:28,341 [Worker-18] INFO  o.e.m.c.i.embedder.EclipseLogger - Using 'UTF-8' encoding to copy filtered resources.
2019-09-09 16:23:28,342 [Worker-18] INFO  o.e.m.c.i.embedder.EclipseLogger - skip non existing resourceDirectory C:\Users\Kusuma.Saddala\Documents\GiveIndia\com.giveindia\src\test\resources
2019-09-09 16:23:54,475 [Worker-29] INFO  o.e.m.c.i.embedder.EclipseLogger - Using 'UTF-8' encoding to copy filtered resources.
2019-09-09 16:23:54,476 [Worker-29] INFO  o.e.m.c.i.embedder.EclipseLogger - skip non existing resourceDirectory C:\Users\Kusuma.Saddala\Documents\GiveIndia\com.giveindia\src\main\resources
2019-09-09 16:23:54,477 [Worker-29] INFO  o.e.m.c.i.embedder.EclipseLogger - Using 'UTF-8' encoding to copy filtered resources.
2019-09-09 16:23:54,477 [Worker-29] INFO  o.e.m.c.i.embedder.EclipseLogger - skip non existing resourceDirectory C:\Users\Kusuma.Saddala\Documents\GiveIndia\com.giveindia\src\test\resources
2019-09-09 16:24:07,804 [Worker-27] INFO  o.e.m.c.i.embedder.EclipseLogger - Using 'UTF-8' encoding to copy filtered resources.
2019-09-09 16:24:07,804 [Worker-27] INFO  o.e.m.c.i.embedder.EclipseLogger - skip non existing resourceDirectory C:\Users\Kusuma.Saddala\Documents\GiveIndia\com.giveindia\src\main\resources
2019-09-09 16:24:07,805 [Worker-27] INFO  o.e.m.c.i.embedder.EclipseLogger - Using 'UTF-8' encoding to copy filtered resources.
2019-09-09 16:24:07,805 [Worker-27] INFO  o.e.m.c.i.embedder.EclipseLogger - skip non existing resourceDirectory C:\Users\Kusuma.Saddala\Documents\GiveIndia\com.giveindia\src\test\resources
2019-09-09 16:25:16,016 [Worker-18] INFO  o.e.m.c.i.embedder.EclipseLogger - Using 'UTF-8' encoding to copy filtered resources.
2019-09-09 16:25:16,016 [Worker-18] INFO  o.e.m.c.i.embedder.EclipseLogger - skip non existing resourceDirectory C:\Users\Kusuma.Saddala\Documents\GiveIndia\com.giveindia\src\main\resources
2019-09-09 16:25:16,018 [Worker-18] INFO  o.e.m.c.i.embedder.EclipseLogger - Using 'UTF-8' encoding to copy filtered resources.
2019-09-09 16:25:16,019 [Worker-18] INFO  o.e.m.c.i.embedder.EclipseLogger - skip non existing resourceDirectory C:\Users\Kusuma.Saddala\Documents\GiveIndia\com.giveindia\src\test\resources
2019-09-09 16:27:02,341 [Worker-18] INFO  o.e.m.c.i.embedder.EclipseLogger - Using 'UTF-8' encoding to copy filtered resources.
2019-09-09 16:27:02,342 [Worker-18] INFO  o.e.m.c.i.embedder.EclipseLogger - skip non existing resourceDirectory C:\Users\Kusuma.Saddala\Documents\GiveIndia\com.giveindia\src\main\resources
2019-09-09 16:27:02,343 [Worker-18] INFO  o.e.m.c.i.embedder.EclipseLogger - Using 'UTF-8' encoding to copy filtered resources.
2019-09-09 16:27:02,343 [Worker-18] INFO  o.e.m.c.i.embedder.EclipseLogger - skip non existing resourceDirectory C:\Users\Kusuma.Saddala\Documents\GiveIndia\com.giveindia\src\test\resources
2019-09-09 16:35:15,871 [Worker-35] INFO  o.e.m.c.i.embedder.EclipseLogger - Using 'UTF-8' encoding to copy filtered resources.
2019-09-09 16:35:15,872 [Worker-35] INFO  o.e.m.c.i.embedder.EclipseLogger - skip non existing resourceDirectory C:\Users\Kusuma.Saddala\Documents\GiveIndia\com.giveindia\src\main\resources
2019-09-09 16:35:15,874 [Worker-35] INFO  o.e.m.c.i.embedder.EclipseLogger - Using 'UTF-8' encoding to copy filtered resources.
2019-09-09 16:35:15,875 [Worker-35] INFO  o.e.m.c.i.embedder.EclipseLogger - skip non existing resourceDirectory C:\Users\Kusuma.Saddala\Documents\GiveIndia\com.giveindia\src\test\resources
2019-09-09 16:35:43,077 [Worker-36] INFO  o.e.m.c.i.embedder.EclipseLogger - Using 'UTF-8' encoding to copy filtered resources.
2019-09-09 16:35:43,077 [Worker-36] INFO  o.e.m.c.i.embedder.EclipseLogger - skip non existing resourceDirectory C:\Users\Kusuma.Saddala\Documents\GiveIndia\com.giveindia\src\main\resources
2019-09-09 16:35:43,079 [Worker-36] INFO  o.e.m.c.i.embedder.EclipseLogger - Using 'UTF-8' encoding to copy filtered resources.
2019-09-09 16:35:43,079 [Worker-36] INFO  o.e.m.c.i.embedder.EclipseLogger - skip non existing resourceDirectory C:\Users\Kusuma.Saddala\Documents\GiveIndia\com.giveindia\src\test\resources
2019-09-09 16:39:47,530 [Worker-35] INFO  o.e.m.c.i.embedder.EclipseLogger - Using 'UTF-8' encoding to copy filtered resources.
2019-09-09 16:39:47,530 [Worker-35] INFO  o.e.m.c.i.embedder.EclipseLogger - skip non existing resourceDirectory C:\Users\Kusuma.Saddala\Documents\GiveIndia\com.giveindia\src\main\resources
2019-09-09 16:39:47,531 [Worker-35] INFO  o.e.m.c.i.embedder.EclipseLogger - Using 'UTF-8' encoding to copy filtered resources.
2019-09-09 16:39:47,532 [Worker-35] INFO  o.e.m.c.i.embedder.EclipseLogger - skip non existing resourceDirectory C:\Users\Kusuma.Saddala\Documents\GiveIndia\com.giveindia\src\test\resources
2019-09-09 16:40:23,109 [Worker-35] INFO  o.e.m.c.i.embedder.EclipseLogger - Using 'UTF-8' encoding to copy filtered resources.
2019-09-09 16:40:23,109 [Worker-35] INFO  o.e.m.c.i.embedder.EclipseLogger - skip non existing resourceDirectory C:\Users\Kusuma.Saddala\Documents\GiveIndia\com.giveindia\src\main\resources
2019-09-09 16:40:23,111 [Worker-35] INFO  o.e.m.c.i.embedder.EclipseLogger - Using 'UTF-8' encoding to copy filtered resources.
2019-09-09 16:40:23,111 [Worker-35] INFO  o.e.m.c.i.embedder.EclipseLogger - skip non existing resourceDirectory C:\Users\Kusuma.Saddala\Documents\GiveIndia\com.giveindia\src\test\resources
2019-09-09 16:40:42,534 [Worker-40] INFO  o.e.m.c.i.embedder.EclipseLogger - Using 'UTF-8' encoding to copy filtered resources.
2019-09-09 16:40:42,534 [Worker-40] INFO  o.e.m.c.i.embedder.EclipseLogger - skip non existing resourceDirectory C:\Users\Kusuma.Saddala\Documents\GiveIndia\com.giveindia\src\main\resources
2019-09-09 16:40:42,535 [Worker-40] INFO  o.e.m.c.i.embedder.EclipseLogger - Using 'UTF-8' encoding to copy filtered resources.
2019-09-09 16:40:42,536 [Worker-40] INFO  o.e.m.c.i.embedder.EclipseLogger - skip non existing resourceDirectory C:\Users\Kusuma.Saddala\Documents\GiveIndia\com.giveindia\src\test\resources
2019-09-09 16:43:22,412 [Worker-44] INFO  o.e.m.c.i.embedder.EclipseLogger - Using 'UTF-8' encoding to copy filtered resources.
2019-09-09 16:43:22,412 [Worker-44] INFO  o.e.m.c.i.embedder.EclipseLogger - skip non existing resourceDirectory C:\Users\Kusuma.Saddala\Documents\GiveIndia\com.giveindia\src\main\resources
2019-09-09 16:43:22,413 [Worker-44] INFO  o.e.m.c.i.embedder.EclipseLogger - Using 'UTF-8' encoding to copy filtered resources.
2019-09-09 16:43:22,414 [Worker-44] INFO  o.e.m.c.i.embedder.EclipseLogger - skip non existing resourceDirectory C:\Users\Kusuma.Saddala\Documents\GiveIndia\com.giveindia\src\test\resources
2019-09-09 16:47:40,309 [Worker-45] INFO  o.e.m.c.i.embedder.EclipseLogger - Using 'UTF-8' encoding to copy filtered resources.
2019-09-09 16:47:40,310 [Worker-45] INFO  o.e.m.c.i.embedder.EclipseLogger - skip non existing resourceDirectory C:\Users\Kusuma.Saddala\Documents\GiveIndia\com.giveindia\src\main\resources
2019-09-09 16:47:40,311 [Worker-45] INFO  o.e.m.c.i.embedder.EclipseLogger - Using 'UTF-8' encoding to copy filtered resources.
2019-09-09 16:47:40,311 [Worker-45] INFO  o.e.m.c.i.embedder.EclipseLogger - skip non existing resourceDirectory C:\Users\Kusuma.Saddala\Documents\GiveIndia\com.giveindia\src\test\resources
2019-09-09 16:50:29,617 [Worker-45] WARN  o.e.r.models.ModelRepository - Failed to download org.eclipse.recommenders:index::zip:0.0.0
org.eclipse.aether.resolution.ArtifactResolutionException: Could not find artifact org.eclipse.recommenders:index:zip:0.0.0-SNAPSHOT in models (http://download.eclipse.org/recommenders/models/mars/)
	at org.eclipse.aether.internal.impl.DefaultArtifactResolver.resolve(DefaultArtifactResolver.java:444) ~[na:na]
	at org.eclipse.aether.internal.impl.DefaultArtifactResolver.resolveArtifacts(DefaultArtifactResolver.java:246) ~[na:na]
	at org.eclipse.aether.internal.impl.DefaultArtifactResolver.resolveArtifact(DefaultArtifactResolver.java:223) ~[na:na]
	at org.eclipse.aether.internal.impl.DefaultRepositorySystem.resolveArtifact(DefaultRepositorySystem.java:294) ~[na:na]
	at org.eclipse.recommenders.models.ModelRepository.resolveInternal(ModelRepository.java:192) [org.eclipse.recommenders.models_2.3.0.v20160216-1255.jar:na]
	at org.eclipse.recommenders.models.ModelRepository.resolve(ModelRepository.java:174) [org.eclipse.recommenders.models_2.3.0.v20160216-1255.jar:na]
	at org.eclipse.recommenders.internal.models.rcp.EclipseModelRepository.resolve(EclipseModelRepository.java:165) [org.eclipse.recommenders.models.rcp_2.3.0.v20160216-1255.jar:na]
	at org.eclipse.recommenders.internal.models.rcp.DownloadModelArchiveJob.run(DownloadModelArchiveJob.java:76) [org.eclipse.recommenders.models.rcp_2.3.0.v20160216-1255.jar:na]
	at org.eclipse.core.internal.jobs.Worker.run(Worker.java:55) [org.eclipse.core.jobs_3.7.0.v20150330-2103.jar:na]
Caused by: org.eclipse.aether.transfer.ArtifactNotFoundException: Could not find artifact org.eclipse.recommenders:index:zip:0.0.0-SNAPSHOT in models (http://download.eclipse.org/recommenders/models/mars/)
	at org.eclipse.aether.connector.basic.ArtifactTransportListener.transferFailed(ArtifactTransportListener.java:39) ~[org.eclipse.aether.connector.basic_1.0.1.v20141111.jar:na]
	at org.eclipse.aether.connector.basic.BasicRepositoryConnector$TaskRunner.run(BasicRepositoryConnector.java:355) ~[org.eclipse.aether.connector.basic_1.0.1.v20141111.jar:na]
	at org.eclipse.aether.util.concurrency.RunnableErrorForwarder$1.run(RunnableErrorForwarder.java:67) ~[na:na]
	at org.eclipse.aether.connector.basic.BasicRepositoryConnector$DirectExecutor.execute(BasicRepositoryConnector.java:581) ~[org.eclipse.aether.connector.basic_1.0.1.v20141111.jar:na]
	at org.eclipse.aether.connector.basic.BasicRepositoryConnector.get(BasicRepositoryConnector.java:249) ~[org.eclipse.aether.connector.basic_1.0.1.v20141111.jar:na]
	at org.eclipse.aether.internal.impl.DefaultArtifactResolver.performDownloads(DefaultArtifactResolver.java:520) ~[na:na]
	at org.eclipse.aether.internal.impl.DefaultArtifactResolver.resolve(DefaultArtifactResolver.java:421) ~[na:na]
	... 8 common frames omitted
2019-09-09 16:50:52,339 [Worker-43] INFO  o.e.m.c.i.embedder.EclipseLogger - Using 'UTF-8' encoding to copy filtered resources.
2019-09-09 16:50:52,340 [Worker-43] INFO  o.e.m.c.i.embedder.EclipseLogger - skip non existing resourceDirectory C:\Users\Kusuma.Saddala\Documents\GiveIndia\com.giveindia\src\main\resources
2019-09-09 16:50:52,341 [Worker-43] INFO  o.e.m.c.i.embedder.EclipseLogger - Using 'UTF-8' encoding to copy filtered resources.
2019-09-09 16:50:52,342 [Worker-43] INFO  o.e.m.c.i.embedder.EclipseLogger - skip non existing resourceDirectory C:\Users\Kusuma.Saddala\Documents\GiveIndia\com.giveindia\src\test\resources
2019-09-09 16:51:58,372 [Worker-46] INFO  o.e.m.c.i.embedder.EclipseLogger - Using 'UTF-8' encoding to copy filtered resources.
2019-09-09 16:51:58,373 [Worker-46] INFO  o.e.m.c.i.embedder.EclipseLogger - skip non existing resourceDirectory C:\Users\Kusuma.Saddala\Documents\GiveIndia\com.giveindia\src\main\resources
2019-09-09 16:51:58,374 [Worker-46] INFO  o.e.m.c.i.embedder.EclipseLogger - Using 'UTF-8' encoding to copy filtered resources.
2019-09-09 16:51:58,374 [Worker-46] INFO  o.e.m.c.i.embedder.EclipseLogger - skip non existing resourceDirectory C:\Users\Kusuma.Saddala\Documents\GiveIndia\com.giveindia\src\test\resources
2019-09-09 16:52:07,497 [Worker-43] INFO  o.e.m.c.i.embedder.EclipseLogger - Using 'UTF-8' encoding to copy filtered resources.
2019-09-09 16:52:07,497 [Worker-43] INFO  o.e.m.c.i.embedder.EclipseLogger - skip non existing resourceDirectory C:\Users\Kusuma.Saddala\Documents\GiveIndia\com.giveindia\src\main\resources
2019-09-09 16:52:07,498 [Worker-43] INFO  o.e.m.c.i.embedder.EclipseLogger - Using 'UTF-8' encoding to copy filtered resources.
2019-09-09 16:52:07,499 [Worker-43] INFO  o.e.m.c.i.embedder.EclipseLogger - skip non existing resourceDirectory C:\Users\Kusuma.Saddala\Documents\GiveIndia\com.giveindia\src\test\resources
2019-09-09 16:52:11,468 [Worker-35] INFO  o.e.m.c.i.embedder.EclipseLogger - Using 'UTF-8' encoding to copy filtered resources.
2019-09-09 16:52:11,469 [Worker-35] INFO  o.e.m.c.i.embedder.EclipseLogger - skip non existing resourceDirectory C:\Users\Kusuma.Saddala\Documents\GiveIndia\com.giveindia\src\main\resources
2019-09-09 16:52:11,470 [Worker-35] INFO  o.e.m.c.i.embedder.EclipseLogger - Using 'UTF-8' encoding to copy filtered resources.
2019-09-09 16:52:11,471 [Worker-35] INFO  o.e.m.c.i.embedder.EclipseLogger - skip non existing resourceDirectory C:\Users\Kusuma.Saddala\Documents\GiveIndia\com.giveindia\src\test\resources
2019-09-09 16:52:37,205 [Worker-45] INFO  o.e.m.c.i.embedder.EclipseLogger - Using 'UTF-8' encoding to copy filtered resources.
2019-09-09 16:52:37,205 [Worker-45] INFO  o.e.m.c.i.embedder.EclipseLogger - skip non existing resourceDirectory C:\Users\Kusuma.Saddala\Documents\GiveIndia\com.giveindia\src\main\resources
2019-09-09 16:52:37,206 [Worker-45] INFO  o.e.m.c.i.embedder.EclipseLogger - Using 'UTF-8' encoding to copy filtered resources.
2019-09-09 16:52:37,207 [Worker-45] INFO  o.e.m.c.i.embedder.EclipseLogger - skip non existing resourceDirectory C:\Users\Kusuma.Saddala\Documents\GiveIndia\com.giveindia\src\test\resources
2019-09-09 17:05:04,673 [Worker-53] INFO  o.e.m.c.i.embedder.EclipseLogger - Using 'UTF-8' encoding to copy filtered resources.
2019-09-09 17:05:04,674 [Worker-53] INFO  o.e.m.c.i.embedder.EclipseLogger - skip non existing resourceDirectory C:\Users\Kusuma.Saddala\Documents\GiveIndia\com.giveindia\src\main\resources
2019-09-09 17:05:04,675 [Worker-53] INFO  o.e.m.c.i.embedder.EclipseLogger - Using 'UTF-8' encoding to copy filtered resources.
2019-09-09 17:05:04,676 [Worker-53] INFO  o.e.m.c.i.embedder.EclipseLogger - skip non existing resourceDirectory C:\Users\Kusuma.Saddala\Documents\GiveIndia\com.giveindia\src\test\resources
2019-09-09 17:11:41,052 [Worker-51] INFO  o.e.m.c.i.embedder.EclipseLogger - Using 'UTF-8' encoding to copy filtered resources.
2019-09-09 17:11:41,052 [Worker-51] INFO  o.e.m.c.i.embedder.EclipseLogger - skip non existing resourceDirectory C:\Users\Kusuma.Saddala\Documents\GiveIndia\com.giveindia\src\main\resources
2019-09-09 17:11:41,053 [Worker-51] INFO  o.e.m.c.i.embedder.EclipseLogger - Using 'UTF-8' encoding to copy filtered resources.
2019-09-09 17:11:41,054 [Worker-51] INFO  o.e.m.c.i.embedder.EclipseLogger - skip non existing resourceDirectory C:\Users\Kusuma.Saddala\Documents\GiveIndia\com.giveindia\src\test\resources
2019-09-09 17:12:39,774 [Worker-57] INFO  o.e.m.c.i.embedder.EclipseLogger - Using 'UTF-8' encoding to copy filtered resources.
2019-09-09 17:12:39,774 [Worker-57] INFO  o.e.m.c.i.embedder.EclipseLogger - skip non existing resourceDirectory C:\Users\Kusuma.Saddala\Documents\GiveIndia\com.giveindia\src\main\resources
2019-09-09 17:12:39,776 [Worker-57] INFO  o.e.m.c.i.embedder.EclipseLogger - Using 'UTF-8' encoding to copy filtered resources.
2019-09-09 17:12:39,776 [Worker-57] INFO  o.e.m.c.i.embedder.EclipseLogger - skip non existing resourceDirectory C:\Users\Kusuma.Saddala\Documents\GiveIndia\com.giveindia\src\test\resources
2019-09-09 17:12:54,154 [Worker-57] INFO  o.e.m.c.i.embedder.EclipseLogger - Using 'UTF-8' encoding to copy filtered resources.
2019-09-09 17:12:54,154 [Worker-57] INFO  o.e.m.c.i.embedder.EclipseLogger - skip non existing resourceDirectory C:\Users\Kusuma.Saddala\Documents\GiveIndia\com.giveindia\src\main\resources
2019-09-09 17:12:54,155 [Worker-57] INFO  o.e.m.c.i.embedder.EclipseLogger - Using 'UTF-8' encoding to copy filtered resources.
2019-09-09 17:12:54,156 [Worker-57] INFO  o.e.m.c.i.embedder.EclipseLogger - skip non existing resourceDirectory C:\Users\Kusuma.Saddala\Documents\GiveIndia\com.giveindia\src\test\resources
2019-09-09 17:13:12,412 [Worker-54] INFO  o.e.m.c.i.embedder.EclipseLogger - Using 'UTF-8' encoding to copy filtered resources.
2019-09-09 17:13:12,413 [Worker-54] INFO  o.e.m.c.i.embedder.EclipseLogger - skip non existing resourceDirectory C:\Users\Kusuma.Saddala\Documents\GiveIndia\com.giveindia\src\main\resources
2019-09-09 17:13:12,414 [Worker-54] INFO  o.e.m.c.i.embedder.EclipseLogger - Using 'UTF-8' encoding to copy filtered resources.
2019-09-09 17:13:12,414 [Worker-54] INFO  o.e.m.c.i.embedder.EclipseLogger - skip non existing resourceDirectory C:\Users\Kusuma.Saddala\Documents\GiveIndia\com.giveindia\src\test\resources
2019-09-09 17:13:15,169 [Worker-54] INFO  o.e.m.c.i.embedder.EclipseLogger - Using 'UTF-8' encoding to copy filtered resources.
2019-09-09 17:13:15,170 [Worker-54] INFO  o.e.m.c.i.embedder.EclipseLogger - skip non existing resourceDirectory C:\Users\Kusuma.Saddala\Documents\GiveIndia\com.giveindia\src\main\resources
2019-09-09 17:13:15,171 [Worker-54] INFO  o.e.m.c.i.embedder.EclipseLogger - Using 'UTF-8' encoding to copy filtered resources.
2019-09-09 17:13:15,171 [Worker-54] INFO  o.e.m.c.i.embedder.EclipseLogger - skip non existing resourceDirectory C:\Users\Kusuma.Saddala\Documents\GiveIndia\com.giveindia\src\test\resources
2019-09-09 17:18:24,006 [Worker-56] INFO  o.e.m.c.i.embedder.EclipseLogger - Using 'UTF-8' encoding to copy filtered resources.
2019-09-09 17:18:24,006 [Worker-56] INFO  o.e.m.c.i.embedder.EclipseLogger - skip non existing resourceDirectory C:\Users\Kusuma.Saddala\Documents\GiveIndia\com.giveindia\src\main\resources
2019-09-09 17:18:24,007 [Worker-56] INFO  o.e.m.c.i.embedder.EclipseLogger - Using 'UTF-8' encoding to copy filtered resources.
2019-09-09 17:18:24,008 [Worker-56] INFO  o.e.m.c.i.embedder.EclipseLogger - skip non existing resourceDirectory C:\Users\Kusuma.Saddala\Documents\GiveIndia\com.giveindia\src\test\resources
2019-09-09 17:18:41,842 [Worker-56] INFO  o.e.m.c.i.embedder.EclipseLogger - Using 'UTF-8' encoding to copy filtered resources.
2019-09-09 17:18:41,843 [Worker-56] INFO  o.e.m.c.i.embedder.EclipseLogger - skip non existing resourceDirectory C:\Users\Kusuma.Saddala\Documents\GiveIndia\com.giveindia\src\main\resources
2019-09-09 17:18:41,844 [Worker-56] INFO  o.e.m.c.i.embedder.EclipseLogger - Using 'UTF-8' encoding to copy filtered resources.
2019-09-09 17:18:41,845 [Worker-56] INFO  o.e.m.c.i.embedder.EclipseLogger - skip non existing resourceDirectory C:\Users\Kusuma.Saddala\Documents\GiveIndia\com.giveindia\src\test\resources
2019-09-09 17:18:49,239 [Worker-54] INFO  o.e.m.c.i.embedder.EclipseLogger - Using 'UTF-8' encoding to copy filtered resources.
2019-09-09 17:18:49,239 [Worker-54] INFO  o.e.m.c.i.embedder.EclipseLogger - skip non existing resourceDirectory C:\Users\Kusuma.Saddala\Documents\GiveIndia\com.giveindia\src\main\resources
2019-09-09 17:18:49,240 [Worker-54] INFO  o.e.m.c.i.embedder.EclipseLogger - Using 'UTF-8' encoding to copy filtered resources.
2019-09-09 17:18:49,241 [Worker-54] INFO  o.e.m.c.i.embedder.EclipseLogger - skip non existing resourceDirectory C:\Users\Kusuma.Saddala\Documents\GiveIndia\com.giveindia\src\test\resources
2019-09-09 17:18:51,572 [Worker-59] INFO  o.e.m.c.i.embedder.EclipseLogger - Using 'UTF-8' encoding to copy filtered resources.
2019-09-09 17:18:51,572 [Worker-59] INFO  o.e.m.c.i.embedder.EclipseLogger - skip non existing resourceDirectory C:\Users\Kusuma.Saddala\Documents\GiveIndia\com.giveindia\src\main\resources
2019-09-09 17:18:51,573 [Worker-59] INFO  o.e.m.c.i.embedder.EclipseLogger - Using 'UTF-8' encoding to copy filtered resources.
2019-09-09 17:18:51,574 [Worker-59] INFO  o.e.m.c.i.embedder.EclipseLogger - skip non existing resourceDirectory C:\Users\Kusuma.Saddala\Documents\GiveIndia\com.giveindia\src\test\resources
2019-09-09 17:24:11,514 [Worker-60] INFO  o.e.m.c.i.embedder.EclipseLogger - Using 'UTF-8' encoding to copy filtered resources.
2019-09-09 17:24:11,515 [Worker-60] INFO  o.e.m.c.i.embedder.EclipseLogger - skip non existing resourceDirectory C:\Users\Kusuma.Saddala\Documents\GiveIndia\com.giveindia\src\main\resources
2019-09-09 17:24:11,516 [Worker-60] INFO  o.e.m.c.i.embedder.EclipseLogger - Using 'UTF-8' encoding to copy filtered resources.
2019-09-09 17:24:11,517 [Worker-60] INFO  o.e.m.c.i.embedder.EclipseLogger - skip non existing resourceDirectory C:\Users\Kusuma.Saddala\Documents\GiveIndia\com.giveindia\src\test\resources
2019-09-09 17:25:29,573 [Worker-61] INFO  o.e.m.c.i.embedder.EclipseLogger - Using 'UTF-8' encoding to copy filtered resources.
2019-09-09 17:25:29,573 [Worker-61] INFO  o.e.m.c.i.embedder.EclipseLogger - skip non existing resourceDirectory C:\Users\Kusuma.Saddala\Documents\GiveIndia\com.giveindia\src\main\resources
2019-09-09 17:25:29,574 [Worker-61] INFO  o.e.m.c.i.embedder.EclipseLogger - Using 'UTF-8' encoding to copy filtered resources.
2019-09-09 17:25:29,574 [Worker-61] INFO  o.e.m.c.i.embedder.EclipseLogger - skip non existing resourceDirectory C:\Users\Kusuma.Saddala\Documents\GiveIndia\com.giveindia\src\test\resources
2019-09-09 17:30:20,588 [Worker-59] INFO  o.e.m.c.i.embedder.EclipseLogger - Using 'UTF-8' encoding to copy filtered resources.
2019-09-09 17:30:20,589 [Worker-59] INFO  o.e.m.c.i.embedder.EclipseLogger - skip non existing resourceDirectory C:\Users\Kusuma.Saddala\Documents\GiveIndia\com.giveindia\src\main\resources
2019-09-09 17:30:20,590 [Worker-59] INFO  o.e.m.c.i.embedder.EclipseLogger - Using 'UTF-8' encoding to copy filtered resources.
2019-09-09 17:30:20,590 [Worker-59] INFO  o.e.m.c.i.embedder.EclipseLogger - skip non existing resourceDirectory C:\Users\Kusuma.Saddala\Documents\GiveIndia\com.giveindia\src\test\resources
2019-09-09 17:30:39,498 [Worker-63] INFO  o.e.m.c.i.embedder.EclipseLogger - Using 'UTF-8' encoding to copy filtered resources.
2019-09-09 17:30:39,498 [Worker-63] INFO  o.e.m.c.i.embedder.EclipseLogger - skip non existing resourceDirectory C:\Users\Kusuma.Saddala\Documents\GiveIndia\com.giveindia\src\main\resources
2019-09-09 17:30:39,499 [Worker-63] INFO  o.e.m.c.i.embedder.EclipseLogger - Using 'UTF-8' encoding to copy filtered resources.
2019-09-09 17:30:39,500 [Worker-63] INFO  o.e.m.c.i.embedder.EclipseLogger - skip non existing resourceDirectory C:\Users\Kusuma.Saddala\Documents\GiveIndia\com.giveindia\src\test\resources
2019-09-09 17:38:34,306 [Worker-65] INFO  o.e.m.c.i.embedder.EclipseLogger - Using 'UTF-8' encoding to copy filtered resources.
2019-09-09 17:38:34,306 [Worker-65] INFO  o.e.m.c.i.embedder.EclipseLogger - skip non existing resourceDirectory C:\Users\Kusuma.Saddala\Documents\GiveIndia\com.giveindia\src\main\resources
2019-09-09 17:38:34,307 [Worker-65] INFO  o.e.m.c.i.embedder.EclipseLogger - Using 'UTF-8' encoding to copy filtered resources.
2019-09-09 17:38:34,308 [Worker-65] INFO  o.e.m.c.i.embedder.EclipseLogger - skip non existing resourceDirectory C:\Users\Kusuma.Saddala\Documents\GiveIndia\com.giveindia\src\test\resources
2019-09-09 17:39:30,184 [Worker-62] INFO  o.e.m.c.i.embedder.EclipseLogger - Using 'UTF-8' encoding to copy filtered resources.
2019-09-09 17:39:30,185 [Worker-62] INFO  o.e.m.c.i.embedder.EclipseLogger - skip non existing resourceDirectory C:\Users\Kusuma.Saddala\Documents\GiveIndia\com.giveindia\src\main\resources
2019-09-09 17:39:30,186 [Worker-62] INFO  o.e.m.c.i.embedder.EclipseLogger - Using 'UTF-8' encoding to copy filtered resources.
2019-09-09 17:39:30,186 [Worker-62] INFO  o.e.m.c.i.embedder.EclipseLogger - skip non existing resourceDirectory C:\Users\Kusuma.Saddala\Documents\GiveIndia\com.giveindia\src\test\resources
2019-09-09 17:40:05,882 [Worker-69] INFO  o.e.m.c.i.embedder.EclipseLogger - Using 'UTF-8' encoding to copy filtered resources.
2019-09-09 17:40:05,882 [Worker-69] INFO  o.e.m.c.i.embedder.EclipseLogger - skip non existing resourceDirectory C:\Users\Kusuma.Saddala\Documents\GiveIndia\com.giveindia\src\main\resources
2019-09-09 17:40:05,883 [Worker-69] INFO  o.e.m.c.i.embedder.EclipseLogger - Using 'UTF-8' encoding to copy filtered resources.
2019-09-09 17:40:05,883 [Worker-69] INFO  o.e.m.c.i.embedder.EclipseLogger - skip non existing resourceDirectory C:\Users\Kusuma.Saddala\Documents\GiveIndia\com.giveindia\src\test\resources
2019-09-09 17:40:09,939 [Worker-68] INFO  o.e.m.c.i.embedder.EclipseLogger - Using 'UTF-8' encoding to copy filtered resources.
2019-09-09 17:40:09,939 [Worker-68] INFO  o.e.m.c.i.embedder.EclipseLogger - skip non existing resourceDirectory C:\Users\Kusuma.Saddala\Documents\GiveIndia\com.giveindia\src\main\resources
2019-09-09 17:40:09,940 [Worker-68] INFO  o.e.m.c.i.embedder.EclipseLogger - Using 'UTF-8' encoding to copy filtered resources.
2019-09-09 17:40:09,940 [Worker-68] INFO  o.e.m.c.i.embedder.EclipseLogger - skip non existing resourceDirectory C:\Users\Kusuma.Saddala\Documents\GiveIndia\com.giveindia\src\test\resources
2019-09-09 17:40:12,939 [Worker-69] INFO  o.e.m.c.i.embedder.EclipseLogger - Using 'UTF-8' encoding to copy filtered resources.
2019-09-09 17:40:12,939 [Worker-69] INFO  o.e.m.c.i.embedder.EclipseLogger - skip non existing resourceDirectory C:\Users\Kusuma.Saddala\Documents\GiveIndia\com.giveindia\src\main\resources
2019-09-09 17:40:12,940 [Worker-69] INFO  o.e.m.c.i.embedder.EclipseLogger - Using 'UTF-8' encoding to copy filtered resources.
2019-09-09 17:40:12,941 [Worker-69] INFO  o.e.m.c.i.embedder.EclipseLogger - skip non existing resourceDirectory C:\Users\Kusuma.Saddala\Documents\GiveIndia\com.giveindia\src\test\resources
2019-09-09 17:40:53,554 [Worker-62] INFO  o.e.m.c.i.embedder.EclipseLogger - Using 'UTF-8' encoding to copy filtered resources.
2019-09-09 17:40:53,555 [Worker-62] INFO  o.e.m.c.i.embedder.EclipseLogger - skip non existing resourceDirectory C:\Users\Kusuma.Saddala\Documents\GiveIndia\com.giveindia\src\main\resources
2019-09-09 17:40:53,556 [Worker-62] INFO  o.e.m.c.i.embedder.EclipseLogger - Using 'UTF-8' encoding to copy filtered resources.
2019-09-09 17:40:53,556 [Worker-62] INFO  o.e.m.c.i.embedder.EclipseLogger - skip non existing resourceDirectory C:\Users\Kusuma.Saddala\Documents\GiveIndia\com.giveindia\src\test\resources
2019-09-09 17:43:36,365 [Worker-69] INFO  o.e.m.c.i.embedder.EclipseLogger - Using 'UTF-8' encoding to copy filtered resources.
2019-09-09 17:43:36,365 [Worker-69] INFO  o.e.m.c.i.embedder.EclipseLogger - skip non existing resourceDirectory C:\Users\Kusuma.Saddala\Documents\GiveIndia\com.giveindia\src\main\resources
2019-09-09 17:43:36,366 [Worker-69] INFO  o.e.m.c.i.embedder.EclipseLogger - Using 'UTF-8' encoding to copy filtered resources.
2019-09-09 17:43:36,367 [Worker-69] INFO  o.e.m.c.i.embedder.EclipseLogger - skip non existing resourceDirectory C:\Users\Kusuma.Saddala\Documents\GiveIndia\com.giveindia\src\test\resources
2019-09-09 17:43:41,116 [Worker-70] INFO  o.e.m.c.i.embedder.EclipseLogger - Using 'UTF-8' encoding to copy filtered resources.
2019-09-09 17:43:41,117 [Worker-70] INFO  o.e.m.c.i.embedder.EclipseLogger - skip non existing resourceDirectory C:\Users\Kusuma.Saddala\Documents\GiveIndia\com.giveindia\src\main\resources
2019-09-09 17:43:41,118 [Worker-70] INFO  o.e.m.c.i.embedder.EclipseLogger - Using 'UTF-8' encoding to copy filtered resources.
2019-09-09 17:43:41,118 [Worker-70] INFO  o.e.m.c.i.embedder.EclipseLogger - skip non existing resourceDirectory C:\Users\Kusuma.Saddala\Documents\GiveIndia\com.giveindia\src\test\resources
2019-09-09 17:45:21,003 [Worker-62] INFO  o.e.m.c.i.embedder.EclipseLogger - Using 'UTF-8' encoding to copy filtered resources.
2019-09-09 17:45:21,004 [Worker-62] INFO  o.e.m.c.i.embedder.EclipseLogger - skip non existing resourceDirectory C:\Users\Kusuma.Saddala\Documents\GiveIndia\com.giveindia\src\main\resources
2019-09-09 17:45:21,005 [Worker-62] INFO  o.e.m.c.i.embedder.EclipseLogger - Using 'UTF-8' encoding to copy filtered resources.
2019-09-09 17:45:21,005 [Worker-62] INFO  o.e.m.c.i.embedder.EclipseLogger - skip non existing resourceDirectory C:\Users\Kusuma.Saddala\Documents\GiveIndia\com.giveindia\src\test\resources
2019-09-09 17:47:44,175 [Worker-70] INFO  o.e.m.c.i.embedder.EclipseLogger - Using 'UTF-8' encoding to copy filtered resources.
2019-09-09 17:47:44,176 [Worker-70] INFO  o.e.m.c.i.embedder.EclipseLogger - skip non existing resourceDirectory C:\Users\Kusuma.Saddala\Documents\GiveIndia\com.giveindia\src\main\resources
2019-09-09 17:47:44,177 [Worker-70] INFO  o.e.m.c.i.embedder.EclipseLogger - Using 'UTF-8' encoding to copy filtered resources.
2019-09-09 17:47:44,178 [Worker-70] INFO  o.e.m.c.i.embedder.EclipseLogger - skip non existing resourceDirectory C:\Users\Kusuma.Saddala\Documents\GiveIndia\com.giveindia\src\test\resources
2019-09-09 17:48:32,270 [Worker-68] INFO  o.e.m.c.i.embedder.EclipseLogger - Using 'UTF-8' encoding to copy filtered resources.
2019-09-09 17:48:32,271 [Worker-68] INFO  o.e.m.c.i.embedder.EclipseLogger - skip non existing resourceDirectory C:\Users\Kusuma.Saddala\Documents\GiveIndia\com.giveindia\src\main\resources
2019-09-09 17:48:32,272 [Worker-68] INFO  o.e.m.c.i.embedder.EclipseLogger - Using 'UTF-8' encoding to copy filtered resources.
2019-09-09 17:48:32,273 [Worker-68] INFO  o.e.m.c.i.embedder.EclipseLogger - skip non existing resourceDirectory C:\Users\Kusuma.Saddala\Documents\GiveIndia\com.giveindia\src\test\resources
2019-09-09 17:48:36,069 [Worker-67] INFO  o.e.m.c.i.embedder.EclipseLogger - Using 'UTF-8' encoding to copy filtered resources.
2019-09-09 17:48:36,070 [Worker-67] INFO  o.e.m.c.i.embedder.EclipseLogger - skip non existing resourceDirectory C:\Users\Kusuma.Saddala\Documents\GiveIndia\com.giveindia\src\main\resources
2019-09-09 17:48:36,071 [Worker-67] INFO  o.e.m.c.i.embedder.EclipseLogger - Using 'UTF-8' encoding to copy filtered resources.
2019-09-09 17:48:36,072 [Worker-67] INFO  o.e.m.c.i.embedder.EclipseLogger - skip non existing resourceDirectory C:\Users\Kusuma.Saddala\Documents\GiveIndia\com.giveindia\src\test\resources
2019-09-09 17:48:54,690 [Worker-69] INFO  o.e.m.c.i.embedder.EclipseLogger - Using 'UTF-8' encoding to copy filtered resources.
2019-09-09 17:48:54,690 [Worker-69] INFO  o.e.m.c.i.embedder.EclipseLogger - skip non existing resourceDirectory C:\Users\Kusuma.Saddala\Documents\GiveIndia\com.giveindia\src\main\resources
2019-09-09 17:48:54,691 [Worker-69] INFO  o.e.m.c.i.embedder.EclipseLogger - Using 'UTF-8' encoding to copy filtered resources.
2019-09-09 17:48:54,691 [Worker-69] INFO  o.e.m.c.i.embedder.EclipseLogger - skip non existing resourceDirectory C:\Users\Kusuma.Saddala\Documents\GiveIndia\com.giveindia\src\test\resources
2019-09-09 17:49:17,028 [Worker-68] INFO  o.e.m.c.i.embedder.EclipseLogger - Using 'UTF-8' encoding to copy filtered resources.
2019-09-09 17:49:17,028 [Worker-68] INFO  o.e.m.c.i.embedder.EclipseLogger - skip non existing resourceDirectory C:\Users\Kusuma.Saddala\Documents\GiveIndia\com.giveindia\src\main\resources
2019-09-09 17:49:17,029 [Worker-68] INFO  o.e.m.c.i.embedder.EclipseLogger - Using 'UTF-8' encoding to copy filtered resources.
2019-09-09 17:49:17,029 [Worker-68] INFO  o.e.m.c.i.embedder.EclipseLogger - skip non existing resourceDirectory C:\Users\Kusuma.Saddala\Documents\GiveIndia\com.giveindia\src\test\resources
2019-09-09 17:49:33,922 [Worker-71] INFO  o.e.m.c.i.embedder.EclipseLogger - Using 'UTF-8' encoding to copy filtered resources.
2019-09-09 17:49:33,922 [Worker-71] INFO  o.e.m.c.i.embedder.EclipseLogger - skip non existing resourceDirectory C:\Users\Kusuma.Saddala\Documents\GiveIndia\com.giveindia\src\main\resources
2019-09-09 17:49:33,923 [Worker-71] INFO  o.e.m.c.i.embedder.EclipseLogger - Using 'UTF-8' encoding to copy filtered resources.
2019-09-09 17:49:33,924 [Worker-71] INFO  o.e.m.c.i.embedder.EclipseLogger - skip non existing resourceDirectory C:\Users\Kusuma.Saddala\Documents\GiveIndia\com.giveindia\src\test\resources
2019-09-09 17:50:15,878 [Worker-70] INFO  o.e.m.c.i.embedder.EclipseLogger - Using 'UTF-8' encoding to copy filtered resources.
2019-09-09 17:50:15,879 [Worker-70] INFO  o.e.m.c.i.embedder.EclipseLogger - skip non existing resourceDirectory C:\Users\Kusuma.Saddala\Documents\GiveIndia\com.giveindia\src\main\resources
2019-09-09 17:50:15,880 [Worker-70] INFO  o.e.m.c.i.embedder.EclipseLogger - Using 'UTF-8' encoding to copy filtered resources.
2019-09-09 17:50:15,880 [Worker-70] INFO  o.e.m.c.i.embedder.EclipseLogger - skip non existing resourceDirectory C:\Users\Kusuma.Saddala\Documents\GiveIndia\com.giveindia\src\test\resources
2019-09-09 17:50:22,398 [Worker-64] INFO  o.e.m.c.i.embedder.EclipseLogger - Using 'UTF-8' encoding to copy filtered resources.
2019-09-09 17:50:22,398 [Worker-64] INFO  o.e.m.c.i.embedder.EclipseLogger - skip non existing resourceDirectory C:\Users\Kusuma.Saddala\Documents\GiveIndia\com.giveindia\src\main\resources
2019-09-09 17:50:22,399 [Worker-64] INFO  o.e.m.c.i.embedder.EclipseLogger - Using 'UTF-8' encoding to copy filtered resources.
2019-09-09 17:50:22,399 [Worker-64] INFO  o.e.m.c.i.embedder.EclipseLogger - skip non existing resourceDirectory C:\Users\Kusuma.Saddala\Documents\GiveIndia\com.giveindia\src\test\resources
2019-09-09 17:50:27,779 [Worker-64] INFO  o.e.m.c.i.embedder.EclipseLogger - Using 'UTF-8' encoding to copy filtered resources.
2019-09-09 17:50:27,779 [Worker-64] INFO  o.e.m.c.i.embedder.EclipseLogger - skip non existing resourceDirectory C:\Users\Kusuma.Saddala\Documents\GiveIndia\com.giveindia\src\main\resources
2019-09-09 17:50:27,780 [Worker-64] INFO  o.e.m.c.i.embedder.EclipseLogger - Using 'UTF-8' encoding to copy filtered resources.
2019-09-09 17:50:27,781 [Worker-64] INFO  o.e.m.c.i.embedder.EclipseLogger - skip non existing resourceDirectory C:\Users\Kusuma.Saddala\Documents\GiveIndia\com.giveindia\src\test\resources
2019-09-09 17:50:42,097 [Worker-72] INFO  o.e.m.c.i.embedder.EclipseLogger - Using 'UTF-8' encoding to copy filtered resources.
2019-09-09 17:50:42,098 [Worker-72] INFO  o.e.m.c.i.embedder.EclipseLogger - skip non existing resourceDirectory C:\Users\Kusuma.Saddala\Documents\GiveIndia\com.giveindia\src\main\resources
2019-09-09 17:50:42,099 [Worker-72] INFO  o.e.m.c.i.embedder.EclipseLogger - Using 'UTF-8' encoding to copy filtered resources.
2019-09-09 17:50:42,100 [Worker-72] INFO  o.e.m.c.i.embedder.EclipseLogger - skip non existing resourceDirectory C:\Users\Kusuma.Saddala\Documents\GiveIndia\com.giveindia\src\test\resources
2019-09-09 18:01:52,149 [Worker-71] INFO  o.e.m.c.i.embedder.EclipseLogger - Using 'UTF-8' encoding to copy filtered resources.
2019-09-09 18:01:52,151 [Worker-71] INFO  o.e.m.c.i.embedder.EclipseLogger - skip non existing resourceDirectory C:\Users\Kusuma.Saddala\Documents\GiveIndia\com.giveindia\src\main\resources
2019-09-09 18:01:52,152 [Worker-71] INFO  o.e.m.c.i.embedder.EclipseLogger - Using 'UTF-8' encoding to copy filtered resources.
2019-09-09 18:01:52,152 [Worker-71] INFO  o.e.m.c.i.embedder.EclipseLogger - skip non existing resourceDirectory C:\Users\Kusuma.Saddala\Documents\GiveIndia\com.giveindia\src\test\resources
2019-09-09 18:14:24,946 [Worker-85] INFO  o.e.m.c.i.embedder.EclipseLogger - Using 'UTF-8' encoding to copy filtered resources.
2019-09-09 18:14:24,947 [Worker-85] INFO  o.e.m.c.i.embedder.EclipseLogger - skip non existing resourceDirectory C:\Users\Kusuma.Saddala\Documents\GiveIndia\com.giveindia\src\main\resources
2019-09-09 18:14:24,950 [Worker-85] INFO  o.e.m.c.i.embedder.EclipseLogger - Using 'UTF-8' encoding to copy filtered resources.
2019-09-09 18:14:24,950 [Worker-85] INFO  o.e.m.c.i.embedder.EclipseLogger - skip non existing resourceDirectory C:\Users\Kusuma.Saddala\Documents\GiveIndia\com.giveindia\src\test\resources
2019-09-09 18:15:15,329 [Worker-82] INFO  o.e.m.c.i.embedder.EclipseLogger - Using 'UTF-8' encoding to copy filtered resources.
2019-09-09 18:15:15,330 [Worker-82] INFO  o.e.m.c.i.embedder.EclipseLogger - skip non existing resourceDirectory C:\Users\Kusuma.Saddala\Documents\GiveIndia\com.giveindia\src\main\resources
2019-09-09 18:15:15,331 [Worker-82] INFO  o.e.m.c.i.embedder.EclipseLogger - Using 'UTF-8' encoding to copy filtered resources.
2019-09-09 18:15:15,331 [Worker-82] INFO  o.e.m.c.i.embedder.EclipseLogger - skip non existing resourceDirectory C:\Users\Kusuma.Saddala\Documents\GiveIndia\com.giveindia\src\test\resources
2019-09-09 18:15:43,767 [Worker-79] INFO  o.e.m.c.i.embedder.EclipseLogger - Using 'UTF-8' encoding to copy filtered resources.
2019-09-09 18:15:43,767 [Worker-79] INFO  o.e.m.c.i.embedder.EclipseLogger - skip non existing resourceDirectory C:\Users\Kusuma.Saddala\Documents\GiveIndia\com.giveindia\src\main\resources
2019-09-09 18:15:43,768 [Worker-79] INFO  o.e.m.c.i.embedder.EclipseLogger - Using 'UTF-8' encoding to copy filtered resources.
2019-09-09 18:15:43,769 [Worker-79] INFO  o.e.m.c.i.embedder.EclipseLogger - skip non existing resourceDirectory C:\Users\Kusuma.Saddala\Documents\GiveIndia\com.giveindia\src\test\resources
